0 info it worked if it ends with ok
1 verbose cli [ '/usr/local/bin/node', '/usr/local/bin/npm', 'start' ]
2 info using npm@3.8.6
3 info using node@v6.0.0
4 warn invalid config registry="http"
5 warn invalid config Must be a full url with 'http://'
6 verbose run-script [ 'prestart', 'start', 'poststart' ]
7 info lifecycle DemoApp1@0.0.1~prestart: DemoApp1@0.0.1
8 silly lifecycle DemoApp1@0.0.1~prestart: no script for prestart, continuing
9 info lifecycle DemoApp1@0.0.1~start: DemoApp1@0.0.1
10 verbose lifecycle DemoApp1@0.0.1~start: unsafe-perm in lifecycle true
11 verbose lifecycle DemoApp1@0.0.1~start: PATH: /usr/local/lib/node_modules/npm/bin/node-gyp-bin:/home/uniken/ReactNative/Jameer/REL-ID_internal/REL-IDmobile/ReactReferenceApp/node_modules/.bin:/usr/local/bin:/usr/local/sbin:/usr/local/bin:/usr/sbin:/usr/bin:/sbin:/bin:/usr/games:/usr/local/games:/home/uniken/Android/android-ndk-r10e:/home/uniken/Android/Sdk/platform-tools:/home/uniken/Android/Sdk/tools:/usr/lib/jvm/jdk1.7.0_79/bin:/usr/lib/jvm/jdk1.7.0_79/db/bin:/usr/lib/jvm/jdk1.7.0_79/jre/bin
12 verbose lifecycle DemoApp1@0.0.1~start: CWD: /home/uniken/ReactNative/Jameer/REL-ID_internal/REL-IDmobile/ReactReferenceApp
13 silly lifecycle DemoApp1@0.0.1~start: Args: [ '-c',
13 silly lifecycle   'node node_modules/react-native/local-cli/cli.js start' ]
14 silly lifecycle DemoApp1@0.0.1~start: Returned: code: 1  signal: null
15 info lifecycle DemoApp1@0.0.1~start: Failed to exec start script
16 verbose stack Error: DemoApp1@0.0.1 start: `node node_modules/react-native/local-cli/cli.js start`
16 verbose stack Exit status 1
16 verbose stack     at EventEmitter.<anonymous> (/usr/local/lib/node_modules/npm/lib/utils/lifecycle.js:239:16)
16 verbose stack     at emitTwo (events.js:106:13)
16 verbose stack     at EventEmitter.emit (events.js:191:7)
16 verbose stack     at ChildProcess.<anonymous> (/usr/local/lib/node_modules/npm/lib/utils/spawn.js:24:14)
16 verbose stack     at emitTwo (events.js:106:13)
16 verbose stack     at ChildProcess.emit (events.js:191:7)
16 verbose stack     at maybeClose (internal/child_process.js:850:16)
16 verbose stack     at Process.ChildProcess._handle.onexit (internal/child_process.js:215:5)
17 verbose pkgid DemoApp1@0.0.1
18 verbose cwd /home/uniken/ReactNative/Jameer/REL-ID_internal/REL-IDmobile/ReactReferenceApp
19 error Linux 3.19.0-43-generic
20 error argv "/usr/local/bin/node" "/usr/local/bin/npm" "start"
21 error node v6.0.0
22 error npm  v3.8.6
23 error code ELIFECYCLE
24 error DemoApp1@0.0.1 start: `node node_modules/react-native/local-cli/cli.js start`
24 error Exit status 1
25 error Failed at the DemoApp1@0.0.1 start script 'node node_modules/react-native/local-cli/cli.js start'.
25 error Make sure you have the latest version of node.js and npm installed.
25 error If you do, this is most likely a problem with the DemoApp1 package,
25 error not with npm itself.
25 error Tell the author that this fails on your system:
25 error     node node_modules/react-native/local-cli/cli.js start
25 error You can get information on how to open an issue for this project with:
25 error     npm bugs DemoApp1
25 error Or if that isn't available, you can get their info via:
25 error     npm owner ls DemoApp1
25 error There is likely additional logging output above.
26 verbose exit [ 1, true ]
